Started GET "/affirmations" for ::1 at 2020-07-30 16:07:07 -0400
  [1m[35m (0.6ms)[0m  [1m[34mSELECT "schema_migrations"."version" FROM "schema_migrations" ORDER BY "schema_migrations"."version" ASC[0m
  ↳ /Users/davidetkin/.rvm/rubies/ruby-2.5.3/lib/ruby/gems/2.5.0/gems/web-console-3.7.0/lib/web_console/middleware.rb:135
Processing by AffirmationsController#index as HTML
  [1m[36mAffirmation Load (0.4ms)[0m  [1m[34mSELECT  "affirmations".* FROM "affirmations" LIMIT $1[0m  [["LIMIT", 11]]
  ↳ /Users/davidetkin/.rvm/rubies/ruby-2.5.3/lib/ruby/gems/2.5.0/gems/did_you_mean-1.2.0/lib/did_you_mean/core_ext/name_error.rb:8
Completed 500 Internal Server Error in 32ms (ActiveRecord: 0.0ms)


  
  [1m[36mCACHE Affirmation Load (0.0ms)[0m  [1m[34mSELECT  "affirmations".* FROM "affirmations" LIMIT $1[0m  [["LIMIT", 11]]
  ↳ /Users/davidetkin/.rvm/rubies/ruby-2.5.3/lib/ruby/gems/2.5.0/gems/did_you_mean-1.2.0/lib/did_you_mean/core_ext/name_error.rb:8
NoMethodError (undefined method `sorted_by' for #<Affirmation::ActiveRecord_Relation:0x00007fa63f409498>
Did you mean?  sort_by):
  
app/controllers/affirmations_controller.rb:7:in `index'
Started GET "/affirmations" for ::1 at 2020-07-30 16:07:13 -0400
Processing by AffirmationsController#index as HTML
  [1m[36mAffirmation Load (0.3ms)[0m  [1m[34mSELECT  "affirmations".* FROM "affirmations" LIMIT $1[0m  [["LIMIT", 11]]
  ↳ /Users/davidetkin/.rvm/rubies/ruby-2.5.3/lib/ruby/gems/2.5.0/gems/did_you_mean-1.2.0/lib/did_you_mean/core_ext/name_error.rb:8
Completed 500 Internal Server Error in 8ms (ActiveRecord: 0.0ms)


  
  [1m[36mCACHE Affirmation Load (0.0ms)[0m  [1m[34mSELECT  "affirmations".* FROM "affirmations" LIMIT $1[0m  [["LIMIT", 11]]
  ↳ /Users/davidetkin/.rvm/rubies/ruby-2.5.3/lib/ruby/gems/2.5.0/gems/did_you_mean-1.2.0/lib/did_you_mean/core_ext/name_error.rb:8
NoMethodError (undefined method `sorted_by' for #<Affirmation::ActiveRecord_Relation:0x00007fa63d3edfb0>
Did you mean?  sort_by):
  
app/controllers/affirmations_controller.rb:7:in `index'
Started GET "/affirmations" for ::1 at 2020-07-30 16:07:31 -0400
Processing by AffirmationsController#index as HTML
  [1m[36mAffirmation Load (0.2ms)[0m  [1m[34mSELECT  "affirmations".* FROM "affirmations" LIMIT $1[0m  [["LIMIT", 11]]
  ↳ /Users/davidetkin/.rvm/rubies/ruby-2.5.3/lib/ruby/gems/2.5.0/gems/did_you_mean-1.2.0/lib/did_you_mean/core_ext/name_error.rb:8
Completed 500 Internal Server Error in 6ms (ActiveRecord: 0.0ms)


  
  [1m[36mCACHE Affirmation Load (0.0ms)[0m  [1m[34mSELECT  "affirmations".* FROM "affirmations" LIMIT $1[0m  [["LIMIT", 11]]
  ↳ /Users/davidetkin/.rvm/rubies/ruby-2.5.3/lib/ruby/gems/2.5.0/gems/did_you_mean-1.2.0/lib/did_you_mean/core_ext/name_error.rb:8
NoMethodError (undefined method `sorted_by' for #<Affirmation::ActiveRecord_Relation:0x00007fa63fc84140>
Did you mean?  sort_by):
  
app/controllers/affirmations_controller.rb:7:in `index'
Started GET "/affirmations" for ::1 at 2020-07-30 16:07:55 -0400
  [1m[35m (0.5ms)[0m  [1m[34mSELECT "schema_migrations"."version" FROM "schema_migrations" ORDER BY "schema_migrations"."version" ASC[0m
  ↳ /Users/davidetkin/.rvm/rubies/ruby-2.5.3/lib/ruby/gems/2.5.0/gems/web-console-3.7.0/lib/web_console/middleware.rb:135
Processing by AffirmationsController#index as HTML
  [1m[36mAffirmation Load (0.4ms)[0m  [1m[34mSELECT  "affirmations".* FROM "affirmations" LIMIT $1[0m  [["LIMIT", 11]]
  ↳ /Users/davidetkin/.rvm/rubies/ruby-2.5.3/lib/ruby/gems/2.5.0/gems/did_you_mean-1.2.0/lib/did_you_mean/core_ext/name_error.rb:8
Completed 500 Internal Server Error in 29ms (ActiveRecord: 0.0ms)


  
  [1m[36mCACHE Affirmation Load (0.0ms)[0m  [1m[34mSELECT  "affirmations".* FROM "affirmations" LIMIT $1[0m  [["LIMIT", 11]]
  ↳ /Users/davidetkin/.rvm/rubies/ruby-2.5.3/lib/ruby/gems/2.5.0/gems/did_you_mean-1.2.0/lib/did_you_mean/core_ext/name_error.rb:8
NoMethodError (undefined method `sorted_by' for #<Affirmation::ActiveRecord_Relation:0x00007fe532a46568>
Did you mean?  sort_by):
  
app/controllers/affirmations_controller.rb:7:in `index'
Started GET "/" for ::1 at 2020-07-30 16:07:59 -0400
Processing by HomeController#index as HTML
  Rendering home/index.html.erb within layouts/application
  Rendered shared/_navbar.html.erb (0.6ms)
  Rendered shared/_footer.html.erb (0.4ms)
  Rendered home/index.html.erb within layouts/application (5527.5ms)
Completed 200 OK in 5607ms (Views: 5602.7ms | ActiveRecord: 0.0ms)


Started GET "/affirmations" for ::1 at 2020-07-30 16:08:07 -0400
Processing by AffirmationsController#index as HTML
  [1m[36mAffirmation Load (0.3ms)[0m  [1m[34mSELECT  "affirmations".* FROM "affirmations" LIMIT $1[0m  [["LIMIT", 11]]
  ↳ /Users/davidetkin/.rvm/rubies/ruby-2.5.3/lib/ruby/gems/2.5.0/gems/did_you_mean-1.2.0/lib/did_you_mean/core_ext/name_error.rb:8
Completed 500 Internal Server Error in 8ms (ActiveRecord: 0.0ms)


  
  [1m[36mCACHE Affirmation Load (0.0ms)[0m  [1m[34mSELECT  "affirmations".* FROM "affirmations" LIMIT $1[0m  [["LIMIT", 11]]
  ↳ /Users/davidetkin/.rvm/rubies/ruby-2.5.3/lib/ruby/gems/2.5.0/gems/did_you_mean-1.2.0/lib/did_you_mean/core_ext/name_error.rb:8
NoMethodError (undefined method `sorted_by' for #<Affirmation::ActiveRecord_Relation:0x00007fe532d21080>
Did you mean?  sort_by):
  
app/controllers/affirmations_controller.rb:7:in `index'
Started GET "/affirmations" for ::1 at 2020-07-30 16:08:43 -0400
Processing by AffirmationsController#index as HTML
  Rendering affirmations/index.html.erb within layouts/application
  Rendered shared/_navbar.html.erb (0.5ms)
  [1m[36mAffirmation Load (0.4ms)[0m  [1m[34mSELECT "affirmations".* FROM "affirmations"[0m
  ↳ app/views/affirmations/index.html.erb:5
  Rendered shared/_footer.html.erb (0.2ms)
  Rendered affirmations/index.html.erb within layouts/application (15.5ms)
Completed 200 OK in 99ms (Views: 92.3ms | ActiveRecord: 3.0ms)


Started GET "/affirmations" for ::1 at 2020-07-30 16:11:42 -0400
Processing by AffirmationsController#index as HTML
  Rendering affirmations/index.html.erb within layouts/application
  Rendered shared/_navbar.html.erb (0.5ms)
  [1m[36mAffirmation Load (0.4ms)[0m  [1m[34mSELECT "affirmations".* FROM "affirmations"[0m
  ↳ app/views/affirmations/index.html.erb:5
  Rendered shared/_footer.html.erb (0.3ms)
  Rendered affirmations/index.html.erb within layouts/application (8.8ms)
Completed 200 OK in 86ms (Views: 82.2ms | ActiveRecord: 0.4ms)


Started GET "/affirmations" for ::1 at 2020-07-30 16:11:53 -0400
Processing by AffirmationsController#index as HTML
  Rendering affirmations/index.html.erb within layouts/application
  Rendered shared/_navbar.html.erb (0.5ms)
  [1m[36mAffirmation Load (0.3ms)[0m  [1m[34mSELECT "affirmations".* FROM "affirmations"[0m
  ↳ app/views/affirmations/index.html.erb:5
  Rendered shared/_footer.html.erb (0.3ms)
  Rendered affirmations/index.html.erb within layouts/application (8.7ms)
Completed 200 OK in 90ms (Views: 86.4ms | ActiveRecord: 0.3ms)


Started GET "/affirmations" for ::1 at 2020-07-30 16:12:04 -0400
Processing by AffirmationsController#index as HTML
  Rendering affirmations/index.html.erb within layouts/application
  Rendered shared/_navbar.html.erb (0.5ms)
  [1m[36mAffirmation Load (0.3ms)[0m  [1m[34mSELECT "affirmations".* FROM "affirmations"[0m
  ↳ app/views/affirmations/index.html.erb:5
  Rendered shared/_footer.html.erb (0.2ms)
  Rendered affirmations/index.html.erb within layouts/application (8.4ms)
Completed 200 OK in 92ms (Views: 89.1ms | ActiveRecord: 0.3ms)


Started GET "/affirmations" for ::1 at 2020-07-30 16:12:16 -0400
Processing by AffirmationsController#index as HTML
  Rendering affirmations/index.html.erb within layouts/application
  Rendered shared/_navbar.html.erb (0.6ms)
  [1m[36mAffirmation Load (0.3ms)[0m  [1m[34mSELECT "affirmations".* FROM "affirmations"[0m
  ↳ app/views/affirmations/index.html.erb:5
  Rendered shared/_footer.html.erb (0.3ms)
  Rendered affirmations/index.html.erb within layouts/application (9.4ms)
Completed 200 OK in 130ms (Views: 127.3ms | ActiveRecord: 0.3ms)


Started GET "/affirmations" for ::1 at 2020-07-30 16:13:18 -0400
Processing by AffirmationsController#index as HTML
  Rendering affirmations/index.html.erb within layouts/application
  Rendered shared/_navbar.html.erb (0.5ms)
  [1m[36mAffirmation Load (0.3ms)[0m  [1m[34mSELECT "affirmations".* FROM "affirmations"[0m
  ↳ app/views/affirmations/index.html.erb:6
  Rendered shared/_footer.html.erb (0.3ms)
  Rendered affirmations/index.html.erb within layouts/application (8.7ms)
Completed 200 OK in 1122ms (Views: 1118.9ms | ActiveRecord: 0.3ms)


Started GET "/affirmations" for ::1 at 2020-07-30 16:13:27 -0400
Processing by AffirmationsController#index as HTML
  Rendering affirmations/index.html.erb within layouts/application
  Rendered shared/_navbar.html.erb (0.5ms)
  [1m[36mAffirmation Load (0.4ms)[0m  [1m[34mSELECT "affirmations".* FROM "affirmations"[0m
  ↳ app/views/affirmations/index.html.erb:6
  Rendered shared/_footer.html.erb (0.3ms)
  Rendered affirmations/index.html.erb within layouts/application (9.6ms)
Completed 200 OK in 1102ms (Views: 1097.9ms | ActiveRecord: 0.4ms)


Started GET "/affirmations" for ::1 at 2020-07-30 16:13:37 -0400
Processing by AffirmationsController#index as HTML
  Rendering affirmations/index.html.erb within layouts/application
  Rendered shared/_navbar.html.erb (0.6ms)
  [1m[36mAffirmation Load (0.4ms)[0m  [1m[34mSELECT "affirmations".* FROM "affirmations"[0m
  ↳ app/views/affirmations/index.html.erb:6
  Rendered shared/_footer.html.erb (0.3ms)
  Rendered affirmations/index.html.erb within layouts/application (9.2ms)
Completed 200 OK in 1099ms (Views: 1095.4ms | ActiveRecord: 0.4ms)


Started GET "/affirmations" for ::1 at 2020-07-30 16:13:48 -0400
Processing by AffirmationsController#index as HTML
  Rendering affirmations/index.html.erb within layouts/application
  Rendered shared/_navbar.html.erb (0.5ms)
  [1m[36mAffirmation Load (0.4ms)[0m  [1m[34mSELECT "affirmations".* FROM "affirmations"[0m
  ↳ app/views/affirmations/index.html.erb:6
  Rendered shared/_footer.html.erb (0.3ms)
  Rendered affirmations/index.html.erb within layouts/application (8.4ms)
Completed 200 OK in 94ms (Views: 85.3ms | ActiveRecord: 0.4ms)


Started GET "/affirmations" for ::1 at 2020-07-30 16:14:29 -0400
Processing by AffirmationsController#index as HTML
  Rendering affirmations/index.html.erb within layouts/application
  Rendered shared/_navbar.html.erb (0.5ms)
  [1m[36mAffirmation Load (0.5ms)[0m  [1m[34mSELECT "affirmations".* FROM "affirmations"[0m
  ↳ app/views/affirmations/index.html.erb:7
  Rendered shared/_footer.html.erb (0.3ms)
  Rendered affirmations/index.html.erb within layouts/application (9.2ms)
Completed 200 OK in 94ms (Views: 90.9ms | ActiveRecord: 0.5ms)


Started GET "/affirmations" for ::1 at 2020-07-30 16:14:37 -0400
Processing by AffirmationsController#index as HTML
  Rendering affirmations/index.html.erb within layouts/application
  Rendered shared/_navbar.html.erb (0.5ms)
  [1m[36mAffirmation Load (0.3ms)[0m  [1m[34mSELECT "affirmations".* FROM "affirmations"[0m
  ↳ app/views/affirmations/index.html.erb:7
  Rendered shared/_footer.html.erb (0.3ms)
  Rendered affirmations/index.html.erb within layouts/application (8.6ms)
Completed 200 OK in 1136ms (Views: 1133.2ms | ActiveRecord: 0.3ms)


Started GET "/affirmations" for ::1 at 2020-07-30 16:15:18 -0400
Processing by AffirmationsController#index as HTML
  Rendering affirmations/index.html.erb within layouts/application
  Rendered shared/_navbar.html.erb (0.9ms)
  [1m[36mAffirmation Load (0.4ms)[0m  [1m[34mSELECT "affirmations".* FROM "affirmations"[0m
  ↳ app/views/affirmations/index.html.erb:7
  Rendered shared/_footer.html.erb (0.3ms)
  Rendered affirmations/index.html.erb within layouts/application (11.5ms)
Completed 200 OK in 1138ms (Views: 1134.3ms | ActiveRecord: 0.4ms)


Started GET "/affirmations" for ::1 at 2020-07-30 16:15:42 -0400
Processing by AffirmationsController#index as HTML
  Rendering affirmations/index.html.erb within layouts/application
  Rendered shared/_navbar.html.erb (0.5ms)
  [1m[36mAffirmation Load (0.3ms)[0m  [1m[34mSELECT "affirmations".* FROM "affirmations"[0m
  ↳ app/views/affirmations/index.html.erb:6
  Rendered shared/_footer.html.erb (0.3ms)
  Rendered affirmations/index.html.erb within layouts/application (9.1ms)
Completed 200 OK in 91ms (Views: 87.0ms | ActiveRecord: 0.3ms)


Started GET "/affirmations" for ::1 at 2020-07-30 16:15:48 -0400
Processing by AffirmationsController#index as HTML
  Rendering affirmations/index.html.erb within layouts/application
  Rendered shared/_navbar.html.erb (0.6ms)
  [1m[36mAffirmation Load (0.6ms)[0m  [1m[34mSELECT "affirmations".* FROM "affirmations"[0m
  ↳ app/views/affirmations/index.html.erb:6
  Rendered shared/_footer.html.erb (0.3ms)
  Rendered affirmations/index.html.erb within layouts/application (9.3ms)
Completed 200 OK in 92ms (Views: 88.2ms | ActiveRecord: 0.6ms)


Started GET "/affirmations" for ::1 at 2020-07-30 16:16:06 -0400
Processing by AffirmationsController#index as HTML
  Rendering affirmations/index.html.erb within layouts/application
  Rendered shared/_navbar.html.erb (0.5ms)
  [1m[36mAffirmation Load (0.4ms)[0m  [1m[34mSELECT "affirmations".* FROM "affirmations"[0m
  ↳ app/views/affirmations/index.html.erb:6
  Rendered shared/_footer.html.erb (0.4ms)
  Rendered affirmations/index.html.erb within layouts/application (9.1ms)
Completed 200 OK in 1153ms (Views: 1149.6ms | ActiveRecord: 0.4ms)


Started GET "/affirmations" for ::1 at 2020-07-30 16:16:17 -0400
Processing by AffirmationsController#index as HTML
  Rendering affirmations/index.html.erb within layouts/application
  Rendered shared/_navbar.html.erb (0.5ms)
  [1m[36mAffirmation Load (0.4ms)[0m  [1m[34mSELECT "affirmations".* FROM "affirmations"[0m
  ↳ app/views/affirmations/index.html.erb:6
  Rendered shared/_footer.html.erb (0.3ms)
  Rendered affirmations/index.html.erb within layouts/application (9.2ms)
Completed 200 OK in 1121ms (Views: 1117.6ms | ActiveRecord: 0.4ms)


Started GET "/affirmations" for ::1 at 2020-07-30 16:16:48 -0400
Processing by AffirmationsController#index as HTML
  Rendering affirmations/index.html.erb within layouts/application
  Rendered shared/_navbar.html.erb (0.5ms)
  [1m[36mAffirmation Load (0.3ms)[0m  [1m[34mSELECT "affirmations".* FROM "affirmations"[0m
  ↳ app/views/affirmations/index.html.erb:6
  Rendered shared/_footer.html.erb (0.3ms)
  Rendered affirmations/index.html.erb within layouts/application (8.6ms)
Completed 200 OK in 1150ms (Views: 1146.4ms | ActiveRecord: 0.3ms)


Started GET "/affirmations" for ::1 at 2020-07-30 16:16:54 -0400
Processing by AffirmationsController#index as HTML
  Rendering affirmations/index.html.erb within layouts/application
  Rendered shared/_navbar.html.erb (0.5ms)
  [1m[36mAffirmation Load (0.3ms)[0m  [1m[34mSELECT "affirmations".* FROM "affirmations"[0m
  ↳ app/views/affirmations/index.html.erb:6
  Rendered shared/_footer.html.erb (0.3ms)
  Rendered affirmations/index.html.erb within layouts/application (9.1ms)
Completed 200 OK in 90ms (Views: 86.8ms | ActiveRecord: 0.3ms)


Started GET "/affirmations" for ::1 at 2020-07-30 16:17:33 -0400
Processing by AffirmationsController#index as HTML
  Rendering affirmations/index.html.erb within layouts/application
  Rendered shared/_navbar.html.erb (0.5ms)
  [1m[36mAffirmation Load (0.3ms)[0m  [1m[34mSELECT "affirmations".* FROM "affirmations"[0m
  ↳ app/views/affirmations/index.html.erb:6
  Rendered shared/_footer.html.erb (0.3ms)
  Rendered affirmations/index.html.erb within layouts/application (9.8ms)
Completed 200 OK in 1141ms (Views: 1137.5ms | ActiveRecord: 0.3ms)


Started GET "/affirmations" for ::1 at 2020-07-30 16:17:40 -0400
Processing by AffirmationsController#index as HTML
  Rendering affirmations/index.html.erb within layouts/application
  Rendered shared/_navbar.html.erb (0.5ms)
  [1m[36mAffirmation Load (0.4ms)[0m  [1m[34mSELECT "affirmations".* FROM "affirmations"[0m
  ↳ app/views/affirmations/index.html.erb:6
  Rendered shared/_footer.html.erb (0.3ms)
  Rendered affirmations/index.html.erb within layouts/application (9.0ms)
Completed 200 OK in 90ms (Views: 86.2ms | ActiveRecord: 0.4ms)


Started GET "/affirmations" for ::1 at 2020-07-30 16:17:57 -0400
Processing by AffirmationsController#index as HTML
  Rendering affirmations/index.html.erb within layouts/application
  Rendered shared/_navbar.html.erb (0.6ms)
  [1m[36mAffirmation Load (0.6ms)[0m  [1m[34mSELECT "affirmations".* FROM "affirmations"[0m
  ↳ app/views/affirmations/index.html.erb:6
  Rendered shared/_footer.html.erb (0.3ms)
  Rendered affirmations/index.html.erb within layouts/application (9.4ms)
Completed 200 OK in 1110ms (Views: 1106.1ms | ActiveRecord: 0.6ms)


Started GET "/affirmations" for ::1 at 2020-07-30 16:18:25 -0400
Processing by AffirmationsController#index as HTML
  Rendering affirmations/index.html.erb within layouts/application
  Rendered shared/_navbar.html.erb (0.4ms)
  [1m[36mAffirmation Load (0.3ms)[0m  [1m[34mSELECT "affirmations".* FROM "affirmations"[0m
  ↳ app/views/affirmations/index.html.erb:6
  Rendered shared/_footer.html.erb (0.3ms)
  Rendered affirmations/index.html.erb within layouts/application (7.8ms)
Completed 200 OK in 1113ms (Views: 1109.9ms | ActiveRecord: 0.3ms)


Started GET "/affirmations" for ::1 at 2020-07-30 16:18:32 -0400
Processing by AffirmationsController#index as HTML
  Rendering affirmations/index.html.erb within layouts/application
  Rendered shared/_navbar.html.erb (0.5ms)
  [1m[36mAffirmation Load (0.3ms)[0m  [1m[34mSELECT "affirmations".* FROM "affirmations"[0m
  ↳ app/views/affirmations/index.html.erb:6
  Rendered shared/_footer.html.erb (0.2ms)
  Rendered affirmations/index.html.erb within layouts/application (8.5ms)
Completed 200 OK in 1128ms (Views: 1124.4ms | ActiveRecord: 0.3ms)


Started GET "/affirmations" for ::1 at 2020-07-30 16:18:40 -0400
Processing by AffirmationsController#index as HTML
  Rendering affirmations/index.html.erb within layouts/application
  Rendered shared/_navbar.html.erb (0.9ms)
  [1m[36mAffirmation Load (0.3ms)[0m  [1m[34mSELECT "affirmations".* FROM "affirmations"[0m
  ↳ app/views/affirmations/index.html.erb:6
  Rendered shared/_footer.html.erb (0.3ms)
  Rendered affirmations/index.html.erb within layouts/application (10.7ms)
Completed 200 OK in 1188ms (Views: 1185.2ms | ActiveRecord: 0.3ms)


Started GET "/affirmations" for ::1 at 2020-07-30 16:18:48 -0400
Processing by AffirmationsController#index as HTML
  Rendering affirmations/index.html.erb within layouts/application
  Rendered shared/_navbar.html.erb (0.4ms)
  [1m[36mAffirmation Load (0.3ms)[0m  [1m[34mSELECT "affirmations".* FROM "affirmations"[0m
  ↳ app/views/affirmations/index.html.erb:6
  Rendered shared/_footer.html.erb (0.2ms)
  Rendered affirmations/index.html.erb within layouts/application (8.2ms)
Completed 200 OK in 1101ms (Views: 1097.5ms | ActiveRecord: 0.3ms)


Started GET "/affirmations" for ::1 at 2020-07-30 16:19:19 -0400
Processing by AffirmationsController#index as HTML
  Rendering affirmations/index.html.erb within layouts/application
  Rendered shared/_navbar.html.erb (0.6ms)
  [1m[36mAffirmation Load (0.3ms)[0m  [1m[34mSELECT "affirmations".* FROM "affirmations"[0m
  ↳ app/views/affirmations/index.html.erb:14
  Rendered shared/_footer.html.erb (0.3ms)
  Rendered affirmations/index.html.erb within layouts/application (9.6ms)
Completed 200 OK in 99ms (Views: 95.7ms | ActiveRecord: 0.3ms)


Started GET "/affirmations" for ::1 at 2020-07-30 16:19:26 -0400
Processing by AffirmationsController#index as HTML
  Rendering affirmations/index.html.erb within layouts/application
  Rendered shared/_navbar.html.erb (0.5ms)
  [1m[36mAffirmation Load (0.3ms)[0m  [1m[34mSELECT "affirmations".* FROM "affirmations"[0m
  ↳ app/views/affirmations/index.html.erb:14
  Rendered shared/_footer.html.erb (0.3ms)
  Rendered affirmations/index.html.erb within layouts/application (8.9ms)
Completed 200 OK in 89ms (Views: 85.7ms | ActiveRecord: 0.3ms)


Started GET "/affirmations" for ::1 at 2020-07-30 16:19:27 -0400
Processing by AffirmationsController#index as HTML
  Rendering affirmations/index.html.erb within layouts/application
  Rendered shared/_navbar.html.erb (0.5ms)
  [1m[36mAffirmation Load (0.3ms)[0m  [1m[34mSELECT "affirmations".* FROM "affirmations"[0m
  ↳ app/views/affirmations/index.html.erb:14
  Rendered shared/_footer.html.erb (0.3ms)
  Rendered affirmations/index.html.erb within layouts/application (8.7ms)
Completed 200 OK in 86ms (Views: 82.6ms | ActiveRecord: 0.3ms)


Started GET "/affirmations" for ::1 at 2020-07-30 16:19:54 -0400
Processing by AffirmationsController#index as HTML
  Rendering affirmations/index.html.erb within layouts/application
  Rendered shared/_navbar.html.erb (0.5ms)
  [1m[36mAffirmation Load (0.4ms)[0m  [1m[34mSELECT "affirmations".* FROM "affirmations"[0m
  ↳ app/views/affirmations/index.html.erb:14
  Rendered shared/_footer.html.erb (0.2ms)
  Rendered affirmations/index.html.erb within layouts/application (8.6ms)
Completed 200 OK in 83ms (Views: 79.4ms | ActiveRecord: 0.4ms)


Started GET "/affirmations" for ::1 at 2020-07-30 16:20:11 -0400
Processing by AffirmationsController#index as HTML
  Rendering affirmations/index.html.erb within layouts/application
  Rendered shared/_navbar.html.erb (0.5ms)
  [1m[36mAffirmation Load (0.4ms)[0m  [1m[34mSELECT "affirmations".* FROM "affirmations"[0m
  ↳ app/views/affirmations/index.html.erb:15
  Rendered shared/_footer.html.erb (0.3ms)
  Rendered affirmations/index.html.erb within layouts/application (8.8ms)
Completed 200 OK in 96ms (Views: 93.2ms | ActiveRecord: 0.4ms)


Started GET "/affirmations" for ::1 at 2020-07-30 16:20:27 -0400
Processing by AffirmationsController#index as HTML
  Rendering affirmations/index.html.erb within layouts/application
  Rendered shared/_navbar.html.erb (0.6ms)
  [1m[36mAffirmation Load (0.4ms)[0m  [1m[34mSELECT "affirmations".* FROM "affirmations"[0m
  ↳ app/views/affirmations/index.html.erb:15
  Rendered shared/_footer.html.erb (0.3ms)
  Rendered affirmations/index.html.erb within layouts/application (9.6ms)
Completed 200 OK in 133ms (Views: 129.5ms | ActiveRecord: 0.4ms)


Started GET "/affirmations" for ::1 at 2020-07-30 16:20:44 -0400
Processing by AffirmationsController#index as HTML
  Rendering affirmations/index.html.erb within layouts/application
  Rendered shared/_navbar.html.erb (0.6ms)
  [1m[36mAffirmation Load (0.3ms)[0m  [1m[34mSELECT "affirmations".* FROM "affirmations"[0m
  ↳ app/views/affirmations/index.html.erb:15
  Rendered shared/_footer.html.erb (0.3ms)
  Rendered affirmations/index.html.erb within layouts/application (9.3ms)
Completed 200 OK in 87ms (Views: 83.6ms | ActiveRecord: 0.3ms)


Started GET "/affirmations" for ::1 at 2020-07-30 16:21:00 -0400
Processing by AffirmationsController#index as HTML
  Rendering affirmations/index.html.erb within layouts/application
  Rendered shared/_navbar.html.erb (0.5ms)
  [1m[36mAffirmation Load (0.3ms)[0m  [1m[34mSELECT "affirmations".* FROM "affirmations"[0m
  ↳ app/views/affirmations/index.html.erb:15
  Rendered shared/_footer.html.erb (0.3ms)
  Rendered affirmations/index.html.erb within layouts/application (8.9ms)
Completed 200 OK in 91ms (Views: 88.3ms | ActiveRecord: 0.3ms)


Started GET "/affirmations" for ::1 at 2020-07-30 16:21:22 -0400
Processing by AffirmationsController#index as HTML
  Rendering affirmations/index.html.erb within layouts/application
  Rendered shared/_navbar.html.erb (0.5ms)
  [1m[36mAffirmation Load (0.3ms)[0m  [1m[34mSELECT "affirmations".* FROM "affirmations"[0m
  ↳ app/views/affirmations/index.html.erb:15
  Rendered shared/_footer.html.erb (0.3ms)
  Rendered affirmations/index.html.erb within layouts/application (8.3ms)
Completed 200 OK in 87ms (Views: 84.7ms | ActiveRecord: 0.3ms)


Started GET "/affirmations" for ::1 at 2020-07-30 16:21:41 -0400
Processing by AffirmationsController#index as HTML
  Rendering affirmations/index.html.erb within layouts/application
  Rendered shared/_navbar.html.erb (0.5ms)
  [1m[36mAffirmation Load (0.3ms)[0m  [1m[34mSELECT "affirmations".* FROM "affirmations"[0m
  ↳ app/views/affirmations/index.html.erb:15
  Rendered shared/_footer.html.erb (0.3ms)
  Rendered affirmations/index.html.erb within layouts/application (9.3ms)
Completed 200 OK in 94ms (Views: 90.5ms | ActiveRecord: 0.3ms)


Started GET "/affirmations" for ::1 at 2020-07-30 16:21:49 -0400
Processing by AffirmationsController#index as HTML
  Rendering affirmations/index.html.erb within layouts/application
  Rendered shared/_navbar.html.erb (0.4ms)
  [1m[36mAffirmation Load (0.3ms)[0m  [1m[34mSELECT "affirmations".* FROM "affirmations"[0m
  ↳ app/views/affirmations/index.html.erb:15
  Rendered shared/_footer.html.erb (0.3ms)
  Rendered affirmations/index.html.erb within layouts/application (7.8ms)
Completed 200 OK in 81ms (Views: 77.6ms | ActiveRecord: 0.3ms)


Started GET "/affirmations" for ::1 at 2020-07-30 16:22:03 -0400
Processing by AffirmationsController#index as HTML
  Rendering affirmations/index.html.erb within layouts/application
  Rendered shared/_navbar.html.erb (0.5ms)
  [1m[36mAffirmation Load (0.4ms)[0m  [1m[34mSELECT "affirmations".* FROM "affirmations"[0m
  ↳ app/views/affirmations/index.html.erb:15
  Rendered shared/_footer.html.erb (0.3ms)
  Rendered affirmations/index.html.erb within layouts/application (8.5ms)
Completed 200 OK in 93ms (Views: 90.3ms | ActiveRecord: 0.4ms)


Started GET "/affirmations" for ::1 at 2020-07-30 16:22:26 -0400
Processing by AffirmationsController#index as HTML
  Rendering affirmations/index.html.erb within layouts/application
  Rendered shared/_navbar.html.erb (0.6ms)
  [1m[36mAffirmation Load (0.3ms)[0m  [1m[34mSELECT "affirmations".* FROM "affirmations"[0m
  ↳ app/views/affirmations/index.html.erb:15
  Rendered shared/_footer.html.erb (0.2ms)
  Rendered affirmations/index.html.erb within layouts/application (8.7ms)
Completed 200 OK in 130ms (Views: 127.1ms | ActiveRecord: 0.3ms)


Started GET "/affirmations" for ::1 at 2020-07-30 16:22:28 -0400
Processing by AffirmationsController#index as HTML
  Rendering affirmations/index.html.erb within layouts/application
  Rendered shared/_navbar.html.erb (0.5ms)
  [1m[36mAffirmation Load (0.3ms)[0m  [1m[34mSELECT "affirmations".* FROM "affirmations"[0m
  ↳ app/views/affirmations/index.html.erb:15
  Rendered shared/_footer.html.erb (0.3ms)
  Rendered affirmations/index.html.erb within layouts/application (8.5ms)
Completed 200 OK in 83ms (Views: 80.2ms | ActiveRecord: 0.3ms)


Started GET "/affirmations" for ::1 at 2020-07-30 16:22:43 -0400
Processing by AffirmationsController#index as HTML
  Rendering affirmations/index.html.erb within layouts/application
  Rendered shared/_navbar.html.erb (0.5ms)
  [1m[36mAffirmation Load (0.3ms)[0m  [1m[34mSELECT "affirmations".* FROM "affirmations"[0m
  ↳ app/views/affirmations/index.html.erb:15
  Rendered shared/_footer.html.erb (0.3ms)
  Rendered affirmations/index.html.erb within layouts/application (8.9ms)
Completed 200 OK in 1166ms (Views: 1163.1ms | ActiveRecord: 0.3ms)


Started GET "/affirmations" for ::1 at 2020-07-30 16:22:48 -0400
Processing by AffirmationsController#index as HTML
  Rendering affirmations/index.html.erb within layouts/application
  Rendered shared/_navbar.html.erb (0.6ms)
  [1m[36mAffirmation Load (0.4ms)[0m  [1m[34mSELECT "affirmations".* FROM "affirmations"[0m
  ↳ app/views/affirmations/index.html.erb:15
  Rendered shared/_footer.html.erb (0.3ms)
  Rendered affirmations/index.html.erb within layouts/application (9.9ms)
Completed 200 OK in 104ms (Views: 100.4ms | ActiveRecord: 0.4ms)


Started GET "/affirmations" for ::1 at 2020-07-30 16:23:10 -0400
Processing by AffirmationsController#index as HTML
  Rendering affirmations/index.html.erb within layouts/application
  Rendered shared/_navbar.html.erb (0.6ms)
  [1m[36mAffirmation Load (0.3ms)[0m  [1m[34mSELECT "affirmations".* FROM "affirmations"[0m
  ↳ app/views/affirmations/index.html.erb:15
  Rendered shared/_footer.html.erb (0.3ms)
  Rendered affirmations/index.html.erb within layouts/application (9.4ms)
Completed 200 OK in 1138ms (Views: 1134.6ms | ActiveRecord: 0.3ms)


Started GET "/affirmations" for ::1 at 2020-07-30 16:23:22 -0400
Processing by AffirmationsController#index as HTML
  Rendering affirmations/index.html.erb within layouts/application
  Rendered shared/_navbar.html.erb (0.6ms)
  [1m[36mAffirmation Load (0.3ms)[0m  [1m[34mSELECT "affirmations".* FROM "affirmations"[0m
  ↳ app/views/affirmations/index.html.erb:15
  Rendered shared/_footer.html.erb (0.3ms)
  Rendered affirmations/index.html.erb within layouts/application (11.0ms)
Completed 200 OK in 1264ms (Views: 1260.3ms | ActiveRecord: 0.3ms)


Started GET "/affirmations" for ::1 at 2020-07-30 16:23:28 -0400
Processing by AffirmationsController#index as HTML
  Rendering affirmations/index.html.erb within layouts/application
  Rendered shared/_navbar.html.erb (0.5ms)
  [1m[36mAffirmation Load (0.3ms)[0m  [1m[34mSELECT "affirmations".* FROM "affirmations"[0m
  ↳ app/views/affirmations/index.html.erb:15
  Rendered shared/_footer.html.erb (0.3ms)
  Rendered affirmations/index.html.erb within layouts/application (10.8ms)
Completed 200 OK in 1184ms (Views: 1180.6ms | ActiveRecord: 0.3ms)


Started GET "/affirmations" for ::1 at 2020-07-30 16:23:37 -0400
Processing by AffirmationsController#index as HTML
  Rendering affirmations/index.html.erb within layouts/application
  Rendered shared/_navbar.html.erb (0.6ms)
  [1m[36mAffirmation Load (0.4ms)[0m  [1m[34mSELECT "affirmations".* FROM "affirmations"[0m
  ↳ app/views/affirmations/index.html.erb:15
  Rendered shared/_footer.html.erb (0.3ms)
  Rendered affirmations/index.html.erb within layouts/application (10.0ms)
Completed 200 OK in 99ms (Views: 95.1ms | ActiveRecord: 0.4ms)


Started GET "/affirmations" for ::1 at 2020-07-30 16:24:30 -0400
Processing by AffirmationsController#index as HTML
  Rendering affirmations/index.html.erb within layouts/application
  Rendered shared/_navbar.html.erb (0.7ms)
  [1m[36mAffirmation Load (0.3ms)[0m  [1m[34mSELECT "affirmations".* FROM "affirmations"[0m
  ↳ app/views/affirmations/index.html.erb:15
  Rendered shared/_footer.html.erb (0.3ms)
  Rendered affirmations/index.html.erb within layouts/application (15.1ms)
Completed 200 OK in 1208ms (Views: 1204.8ms | ActiveRecord: 0.3ms)


Started GET "/affirmations" for ::1 at 2020-07-30 16:24:40 -0400
Processing by AffirmationsController#index as HTML
  Rendering affirmations/index.html.erb within layouts/application
  Rendered shared/_navbar.html.erb (0.6ms)
  [1m[36mAffirmation Load (0.4ms)[0m  [1m[34mSELECT "affirmations".* FROM "affirmations"[0m
  ↳ app/views/affirmations/index.html.erb:15
  Rendered shared/_footer.html.erb (0.3ms)
  Rendered affirmations/index.html.erb within layouts/application (9.7ms)
Completed 500 Internal Server Error in 915ms (ActiveRecord: 0.4ms)


  
ActionView::Template::Error (Error: Invalid CSS after ".../sass-lang.com/": expected 1 selector or at-rule, was "background: #eee;"
        on line 1:1 of app/assets/stylesheets/affirmations.scss
>> // Place all the styles related to the affirmations controller here.

   ^
):
     6:     <%= csrf_meta_tags %>
     7:     <%= csp_meta_tag %>
     8: 
     9:     <%= stylesheet_link_tag    'application', media: 'all', 'data-turbolinks-track': 'reload' %>
    10:     <%= javascript_include_tag 'application', 'data-turbolinks-track': 'reload' %>
    11:   </head>
    12: 
  
app/assets/stylesheets/affirmations.scss:1
app/views/layouts/application.html.erb:9:in `_app_views_layouts_application_html_erb__2326120172033161132_70311215824420'
Started GET "/affirmations" for ::1 at 2020-07-30 16:24:49 -0400
Processing by AffirmationsController#index as HTML
  Rendering affirmations/index.html.erb within layouts/application
  Rendered shared/_navbar.html.erb (0.7ms)
  [1m[36mAffirmation Load (0.4ms)[0m  [1m[34mSELECT "affirmations".* FROM "affirmations"[0m
  ↳ app/views/affirmations/index.html.erb:15
  Rendered shared/_footer.html.erb (0.3ms)
  Rendered affirmations/index.html.erb within layouts/application (9.9ms)
Completed 200 OK in 1162ms (Views: 1158.5ms | ActiveRecord: 0.4ms)


Started GET "/affirmations" for ::1 at 2020-07-30 16:24:59 -0400
Processing by AffirmationsController#index as HTML
  Rendering affirmations/index.html.erb within layouts/application
  Rendered shared/_navbar.html.erb (0.5ms)
  [1m[36mAffirmation Load (0.4ms)[0m  [1m[34mSELECT "affirmations".* FROM "affirmations"[0m
  ↳ app/views/affirmations/index.html.erb:15
  Rendered shared/_footer.html.erb (0.3ms)
  Rendered affirmations/index.html.erb within layouts/application (9.0ms)
Completed 200 OK in 93ms (Views: 90.0ms | ActiveRecord: 0.4ms)


Started GET "/affirmations" for ::1 at 2020-07-30 16:25:09 -0400
Processing by AffirmationsController#index as HTML
  Rendering affirmations/index.html.erb within layouts/application
  Rendered shared/_navbar.html.erb (0.6ms)
  [1m[36mAffirmation Load (0.3ms)[0m  [1m[34mSELECT "affirmations".* FROM "affirmations"[0m
  ↳ app/views/affirmations/index.html.erb:15
  Rendered shared/_footer.html.erb (0.4ms)
  Rendered affirmations/index.html.erb within layouts/application (9.5ms)
Completed 200 OK in 1222ms (Views: 1219.0ms | ActiveRecord: 0.3ms)


Started GET "/affirmations" for ::1 at 2020-07-30 16:25:26 -0400
Processing by AffirmationsController#index as HTML
  Rendering affirmations/index.html.erb within layouts/application
  Rendered shared/_navbar.html.erb (0.5ms)
  [1m[36mAffirmation Load (0.4ms)[0m  [1m[34mSELECT "affirmations".* FROM "affirmations"[0m
  ↳ app/views/affirmations/index.html.erb:15
  Rendered shared/_footer.html.erb (0.3ms)
  Rendered affirmations/index.html.erb within layouts/application (9.3ms)
Completed 200 OK in 1162ms (Views: 1158.8ms | ActiveRecord: 0.4ms)


Started GET "/affirmations" for ::1 at 2020-07-30 16:25:48 -0400
Processing by AffirmationsController#index as HTML
  Rendering affirmations/index.html.erb within layouts/application
  Rendered shared/_navbar.html.erb (0.6ms)
  [1m[36mAffirmation Load (0.6ms)[0m  [1m[34mSELECT "affirmations".* FROM "affirmations"[0m
  ↳ app/views/affirmations/index.html.erb:15
  Rendered shared/_footer.html.erb (0.3ms)
  Rendered affirmations/index.html.erb within layouts/application (11.6ms)
Completed 200 OK in 1355ms (Views: 1350.9ms | ActiveRecord: 0.6ms)


Started GET "/affirmations" for ::1 at 2020-07-30 16:25:59 -0400
Processing by AffirmationsController#index as HTML
  Rendering affirmations/index.html.erb within layouts/application
  Rendered shared/_navbar.html.erb (0.5ms)
  [1m[36mAffirmation Load (0.4ms)[0m  [1m[34mSELECT "affirmations".* FROM "affirmations"[0m
  ↳ app/views/affirmations/index.html.erb:15
  Rendered shared/_footer.html.erb (0.3ms)
  Rendered affirmations/index.html.erb within layouts/application (9.3ms)
Completed 200 OK in 1171ms (Views: 1166.9ms | ActiveRecord: 0.4ms)


Started GET "/affirmations" for ::1 at 2020-07-30 16:26:15 -0400
Processing by AffirmationsController#index as HTML
  Rendering affirmations/index.html.erb within layouts/application
  Rendered shared/_navbar.html.erb (1.0ms)
  [1m[36mAffirmation Load (0.4ms)[0m  [1m[34mSELECT "affirmations".* FROM "affirmations"[0m
  ↳ app/views/affirmations/index.html.erb:15
  Rendered shared/_footer.html.erb (0.3ms)
  Rendered affirmations/index.html.erb within layouts/application (11.9ms)
Completed 200 OK in 1175ms (Views: 1171.7ms | ActiveRecord: 0.4ms)


Started GET "/affirmations" for ::1 at 2020-07-30 16:26:32 -0400
Processing by AffirmationsController#index as HTML
  Rendering affirmations/index.html.erb within layouts/application
  Rendered shared/_navbar.html.erb (0.4ms)
  [1m[36mAffirmation Load (0.4ms)[0m  [1m[34mSELECT "affirmations".* FROM "affirmations"[0m
  ↳ app/views/affirmations/index.html.erb:15
  Rendered shared/_footer.html.erb (0.3ms)
  Rendered affirmations/index.html.erb within layouts/application (9.8ms)
Completed 200 OK in 1110ms (Views: 1106.6ms | ActiveRecord: 0.4ms)


Started GET "/affirmations" for ::1 at 2020-07-30 16:26:44 -0400
Processing by AffirmationsController#index as HTML
  Rendering affirmations/index.html.erb within layouts/application
  Rendered shared/_navbar.html.erb (0.4ms)
  [1m[36mAffirmation Load (0.4ms)[0m  [1m[34mSELECT "affirmations".* FROM "affirmations"[0m
  ↳ app/views/affirmations/index.html.erb:15
  Rendered shared/_footer.html.erb (0.3ms)
  Rendered affirmations/index.html.erb within layouts/application (8.6ms)
Completed 200 OK in 1097ms (Views: 1093.7ms | ActiveRecord: 0.4ms)


Started GET "/affirmations" for ::1 at 2020-07-30 16:26:59 -0400
Processing by AffirmationsController#index as HTML
  Rendering affirmations/index.html.erb within layouts/application
  Rendered shared/_navbar.html.erb (0.5ms)
  [1m[36mAffirmation Load (0.4ms)[0m  [1m[34mSELECT "affirmations".* FROM "affirmations"[0m
  ↳ app/views/affirmations/index.html.erb:15
  Rendered shared/_footer.html.erb (0.3ms)
  Rendered affirmations/index.html.erb within layouts/application (9.5ms)
Completed 200 OK in 1119ms (Views: 1115.3ms | ActiveRecord: 0.4ms)


Started GET "/affirmations" for ::1 at 2020-07-30 16:27:15 -0400
Processing by AffirmationsController#index as HTML
  Rendering affirmations/index.html.erb within layouts/application
  Rendered shared/_navbar.html.erb (0.5ms)
  [1m[36mAffirmation Load (0.4ms)[0m  [1m[34mSELECT "affirmations".* FROM "affirmations"[0m
  ↳ app/views/affirmations/index.html.erb:15
  Rendered shared/_footer.html.erb (0.3ms)
  Rendered affirmations/index.html.erb within layouts/application (9.6ms)
Completed 200 OK in 1119ms (Views: 1115.3ms | ActiveRecord: 0.4ms)


Started GET "/affirmations" for ::1 at 2020-07-30 16:27:27 -0400
Processing by AffirmationsController#index as HTML
  Rendering affirmations/index.html.erb within layouts/application
  Rendered shared/_navbar.html.erb (0.6ms)
  [1m[36mAffirmation Load (0.3ms)[0m  [1m[34mSELECT "affirmations".* FROM "affirmations"[0m
  ↳ app/views/affirmations/index.html.erb:15
  Rendered shared/_footer.html.erb (0.3ms)
  Rendered affirmations/index.html.erb within layouts/application (9.7ms)
Completed 200 OK in 101ms (Views: 97.9ms | ActiveRecord: 0.3ms)


Started GET "/affirmations" for ::1 at 2020-07-30 16:27:44 -0400
Processing by AffirmationsController#index as HTML
  Rendering affirmations/index.html.erb within layouts/application
  Rendered shared/_navbar.html.erb (0.7ms)
  [1m[36mAffirmation Load (0.3ms)[0m  [1m[34mSELECT "affirmations".* FROM "affirmations"[0m
  ↳ app/views/affirmations/index.html.erb:15
  Rendered shared/_footer.html.erb (0.3ms)
  Rendered affirmations/index.html.erb within layouts/application (9.1ms)
Completed 200 OK in 1110ms (Views: 1106.9ms | ActiveRecord: 0.3ms)


Started GET "/affirmations" for ::1 at 2020-07-30 16:27:59 -0400
Processing by AffirmationsController#index as HTML
  Rendering affirmations/index.html.erb within layouts/application
  Rendered shared/_navbar.html.erb (0.6ms)
  [1m[36mAffirmation Load (0.4ms)[0m  [1m[34mSELECT "affirmations".* FROM "affirmations"[0m
  ↳ app/views/affirmations/index.html.erb:15
  Rendered shared/_footer.html.erb (0.3ms)
  Rendered affirmations/index.html.erb within layouts/application (9.7ms)
Completed 200 OK in 1127ms (Views: 1123.7ms | ActiveRecord: 0.4ms)


Started GET "/affirmations" for ::1 at 2020-07-30 16:28:34 -0400
Processing by AffirmationsController#index as HTML
  Rendering affirmations/index.html.erb within layouts/application
  Rendered shared/_navbar.html.erb (0.5ms)
  [1m[36mAffirmation Load (0.4ms)[0m  [1m[34mSELECT "affirmations".* FROM "affirmations"[0m
  ↳ app/views/affirmations/index.html.erb:15
  Rendered shared/_footer.html.erb (0.3ms)
  Rendered affirmations/index.html.erb within layouts/application (8.9ms)
Completed 200 OK in 1115ms (Views: 1111.6ms | ActiveRecord: 0.4ms)


Started GET "/affirmations" for ::1 at 2020-07-30 16:28:46 -0400
Processing by AffirmationsController#index as HTML
  Rendering affirmations/index.html.erb within layouts/application
  Rendered shared/_navbar.html.erb (0.6ms)
  [1m[36mAffirmation Load (0.3ms)[0m  [1m[34mSELECT "affirmations".* FROM "affirmations"[0m
  ↳ app/views/affirmations/index.html.erb:15
  Rendered shared/_footer.html.erb (0.2ms)
  Rendered affirmations/index.html.erb within layouts/application (15.5ms)
Completed 200 OK in 1123ms (Views: 1119.9ms | ActiveRecord: 0.3ms)


Started GET "/affirmations" for ::1 at 2020-07-30 16:29:11 -0400
Processing by AffirmationsController#index as HTML
  Rendering affirmations/index.html.erb within layouts/application
  Rendered shared/_navbar.html.erb (0.6ms)
  [1m[36mAffirmation Load (0.3ms)[0m  [1m[34mSELECT "affirmations".* FROM "affirmations"[0m
  ↳ app/views/affirmations/index.html.erb:15
  Rendered shared/_footer.html.erb (0.2ms)
  Rendered affirmations/index.html.erb within layouts/application (9.0ms)
Completed 200 OK in 1156ms (Views: 1152.9ms | ActiveRecord: 0.3ms)


Started GET "/affirmations" for ::1 at 2020-07-30 16:29:25 -0400
Processing by AffirmationsController#index as HTML
  Rendering affirmations/index.html.erb within layouts/application
  Rendered shared/_navbar.html.erb (0.5ms)
  [1m[36mAffirmation Load (0.3ms)[0m  [1m[34mSELECT "affirmations".* FROM "affirmations"[0m
  ↳ app/views/affirmations/index.html.erb:15
  Rendered shared/_footer.html.erb (0.3ms)
  Rendered affirmations/index.html.erb within layouts/application (9.4ms)
Completed 200 OK in 1123ms (Views: 1119.8ms | ActiveRecord: 0.3ms)


Started GET "/affirmations" for ::1 at 2020-07-30 16:29:34 -0400
Processing by AffirmationsController#index as HTML
  Rendering affirmations/index.html.erb within layouts/application
  Rendered shared/_navbar.html.erb (0.6ms)
  [1m[36mAffirmation Load (0.4ms)[0m  [1m[34mSELECT "affirmations".* FROM "affirmations"[0m
  ↳ app/views/affirmations/index.html.erb:15
  Rendered shared/_footer.html.erb (0.3ms)
  Rendered affirmations/index.html.erb within layouts/application (9.8ms)
Completed 200 OK in 1135ms (Views: 1131.3ms | ActiveRecord: 0.4ms)


Started GET "/affirmations" for ::1 at 2020-07-30 16:29:51 -0400
Processing by AffirmationsController#index as HTML
  Rendering affirmations/index.html.erb within layouts/application
  Rendered shared/_navbar.html.erb (0.5ms)
  [1m[36mAffirmation Load (0.4ms)[0m  [1m[34mSELECT "affirmations".* FROM "affirmations"[0m
  ↳ app/views/affirmations/index.html.erb:15
  Rendered shared/_footer.html.erb (0.3ms)
  Rendered affirmations/index.html.erb within layouts/application (9.2ms)
Completed 200 OK in 1111ms (Views: 1107.9ms | ActiveRecord: 0.4ms)


Started GET "/affirmations" for ::1 at 2020-07-30 16:29:59 -0400
Processing by AffirmationsController#index as HTML
  Rendering affirmations/index.html.erb within layouts/application
  Rendered shared/_navbar.html.erb (0.6ms)
  [1m[36mAffirmation Load (0.5ms)[0m  [1m[34mSELECT "affirmations".* FROM "affirmations"[0m
  ↳ app/views/affirmations/index.html.erb:15
  Rendered shared/_footer.html.erb (0.3ms)
  Rendered affirmations/index.html.erb within layouts/application (10.5ms)
Completed 200 OK in 1105ms (Views: 1101.9ms | ActiveRecord: 0.5ms)


Started GET "/affirmations" for ::1 at 2020-07-30 16:30:05 -0400
Processing by AffirmationsController#index as HTML
  Rendering affirmations/index.html.erb within layouts/application
  Rendered shared/_navbar.html.erb (0.5ms)
  [1m[36mAffirmation Load (0.4ms)[0m  [1m[34mSELECT "affirmations".* FROM "affirmations"[0m
  ↳ app/views/affirmations/index.html.erb:15
  Rendered shared/_footer.html.erb (0.3ms)
  Rendered affirmations/index.html.erb within layouts/application (9.7ms)
Completed 200 OK in 1143ms (Views: 1139.5ms | ActiveRecord: 0.4ms)


Started GET "/affirmations" for ::1 at 2020-07-30 16:30:44 -0400
Processing by AffirmationsController#index as HTML
  Rendering affirmations/index.html.erb within layouts/application
  Rendered shared/_navbar.html.erb (0.5ms)
  [1m[36mAffirmation Load (0.3ms)[0m  [1m[34mSELECT "affirmations".* FROM "affirmations"[0m
  ↳ app/views/affirmations/index.html.erb:15
  Rendered shared/_footer.html.erb (0.3ms)
  Rendered affirmations/index.html.erb within layouts/application (10.0ms)
Completed 500 Internal Server Error in 893ms (ActiveRecord: 0.3ms)


  
ActionView::Template::Error (Error: Invalid CSS after "...px 18px #888888": expected "}", was ":"
        on line 15:31 of app/assets/stylesheets/affirmations.scss
>>     box-shadow: 5px 10px 18px #888888:

   ------------------------------^
):
     6:     <%= csrf_meta_tags %>
     7:     <%= csp_meta_tag %>
     8: 
     9:     <%= stylesheet_link_tag    'application', media: 'all', 'data-turbolinks-track': 'reload' %>
    10:     <%= javascript_include_tag 'application', 'data-turbolinks-track': 'reload' %>
    11:   </head>
    12: 
  
app/assets/stylesheets/affirmations.scss:15
app/views/layouts/application.html.erb:9:in `_app_views_layouts_application_html_erb__2326120172033161132_70311217809940'
Started GET "/affirmations" for ::1 at 2020-07-30 16:30:57 -0400
Processing by AffirmationsController#index as HTML
  Rendering affirmations/index.html.erb within layouts/application
  Rendered shared/_navbar.html.erb (0.8ms)
  [1m[36mAffirmation Load (0.4ms)[0m  [1m[34mSELECT "affirmations".* FROM "affirmations"[0m
  ↳ app/views/affirmations/index.html.erb:15
  Rendered shared/_footer.html.erb (0.2ms)
  Rendered affirmations/index.html.erb within layouts/application (9.5ms)
Completed 200 OK in 1170ms (Views: 1167.1ms | ActiveRecord: 0.4ms)


Started GET "/affirmations" for ::1 at 2020-07-30 16:31:12 -0400
Processing by AffirmationsController#index as HTML
  Rendering affirmations/index.html.erb within layouts/application
  Rendered shared/_navbar.html.erb (0.6ms)
  [1m[36mAffirmation Load (0.3ms)[0m  [1m[34mSELECT "affirmations".* FROM "affirmations"[0m
  ↳ app/views/affirmations/index.html.erb:15
  Rendered shared/_footer.html.erb (0.3ms)
  Rendered affirmations/index.html.erb within layouts/application (9.7ms)
Completed 500 Internal Server Error in 852ms (ActiveRecord: 0.3ms)


  
ActionView::Template::Error (Error: Invalid CSS after "...px 18px #888888": expected "}", was ":"
        on line 35:33 of app/assets/stylesheets/affirmations.scss
>>       box-shadow: 5px 10px 18px #888888:

   --------------------------------^
):
     6:     <%= csrf_meta_tags %>
     7:     <%= csp_meta_tag %>
     8: 
     9:     <%= stylesheet_link_tag    'application', media: 'all', 'data-turbolinks-track': 'reload' %>
    10:     <%= javascript_include_tag 'application', 'data-turbolinks-track': 'reload' %>
    11:   </head>
    12: 
  
app/assets/stylesheets/affirmations.scss:35
app/views/layouts/application.html.erb:9:in `_app_views_layouts_application_html_erb__2326120172033161132_70311209468220'
Started GET "/affirmations" for ::1 at 2020-07-30 16:31:16 -0400
Processing by AffirmationsController#index as HTML
  Rendering affirmations/index.html.erb within layouts/application
  Rendered shared/_navbar.html.erb (0.6ms)
  [1m[36mAffirmation Load (0.3ms)[0m  [1m[34mSELECT "affirmations".* FROM "affirmations"[0m
  ↳ app/views/affirmations/index.html.erb:15
  Rendered shared/_footer.html.erb (0.3ms)
  Rendered affirmations/index.html.erb within layouts/application (9.0ms)
Completed 200 OK in 1140ms (Views: 1137.4ms | ActiveRecord: 0.3ms)


Started GET "/affirmations" for ::1 at 2020-07-30 16:31:53 -0400
Processing by AffirmationsController#index as HTML
  Rendering affirmations/index.html.erb within layouts/application
  Rendered shared/_navbar.html.erb (0.7ms)
  [1m[36mAffirmation Load (0.4ms)[0m  [1m[34mSELECT "affirmations".* FROM "affirmations"[0m
  ↳ app/views/affirmations/index.html.erb:15
  Rendered shared/_footer.html.erb (0.4ms)
  Rendered affirmations/index.html.erb within layouts/application (10.8ms)
Completed 200 OK in 1156ms (Views: 1151.8ms | ActiveRecord: 0.4ms)


Started GET "/affirmations" for ::1 at 2020-07-30 16:32:05 -0400
Processing by AffirmationsController#index as HTML
  Rendering affirmations/index.html.erb within layouts/application
  Rendered shared/_navbar.html.erb (0.5ms)
  [1m[36mAffirmation Load (0.4ms)[0m  [1m[34mSELECT "affirmations".* FROM "affirmations"[0m
  ↳ app/views/affirmations/index.html.erb:15
  Rendered shared/_footer.html.erb (0.3ms)
  Rendered affirmations/index.html.erb within layouts/application (9.0ms)
Completed 200 OK in 1155ms (Views: 1151.6ms | ActiveRecord: 0.4ms)


Started GET "/affirmations" for ::1 at 2020-07-30 16:32:48 -0400
Processing by AffirmationsController#index as HTML
  Rendering affirmations/index.html.erb within layouts/application
  Rendered shared/_navbar.html.erb (0.7ms)
  [1m[36mAffirmation Load (0.3ms)[0m  [1m[34mSELECT "affirmations".* FROM "affirmations"[0m
  ↳ app/views/affirmations/index.html.erb:15
  Rendered shared/_footer.html.erb (0.4ms)
  Rendered affirmations/index.html.erb within layouts/application (10.0ms)
Completed 200 OK in 1207ms (Views: 1203.4ms | ActiveRecord: 0.3ms)


Started GET "/affirmations" for ::1 at 2020-07-30 16:32:57 -0400
Processing by AffirmationsController#index as HTML
  Rendering affirmations/index.html.erb within layouts/application
  Rendered shared/_navbar.html.erb (0.6ms)
  [1m[36mAffirmation Load (0.4ms)[0m  [1m[34mSELECT "affirmations".* FROM "affirmations"[0m
  ↳ app/views/affirmations/index.html.erb:15
  Rendered shared/_footer.html.erb (0.2ms)
  Rendered affirmations/index.html.erb within layouts/application (9.1ms)
Completed 200 OK in 1134ms (Views: 1130.8ms | ActiveRecord: 0.4ms)


Started GET "/affirmations" for ::1 at 2020-07-30 16:33:02 -0400
Processing by AffirmationsController#index as HTML
  Rendering affirmations/index.html.erb within layouts/application
  Rendered shared/_navbar.html.erb (0.6ms)
  [1m[36mAffirmation Load (0.4ms)[0m  [1m[34mSELECT "affirmations".* FROM "affirmations"[0m
  ↳ app/views/affirmations/index.html.erb:15
  Rendered shared/_footer.html.erb (0.3ms)
  Rendered affirmations/index.html.erb within layouts/application (9.3ms)
Completed 200 OK in 1168ms (Views: 1164.9ms | ActiveRecord: 0.4ms)


Started GET "/affirmations" for ::1 at 2020-07-30 16:33:22 -0400
Processing by AffirmationsController#index as HTML
  Rendering affirmations/index.html.erb within layouts/application
  Rendered shared/_navbar.html.erb (0.5ms)
  [1m[36mAffirmation Load (0.4ms)[0m  [1m[34mSELECT "affirmations".* FROM "affirmations"[0m
  ↳ app/views/affirmations/index.html.erb:15
  Rendered shared/_footer.html.erb (0.3ms)
  Rendered affirmations/index.html.erb within layouts/application (9.8ms)
Completed 200 OK in 1116ms (Views: 1113.3ms | ActiveRecord: 0.4ms)


Started GET "/affirmations" for ::1 at 2020-07-30 16:33:52 -0400
Processing by AffirmationsController#index as HTML
  Rendering affirmations/index.html.erb within layouts/application
  Rendered shared/_navbar.html.erb (0.6ms)
  [1m[36mAffirmation Load (0.4ms)[0m  [1m[34mSELECT "affirmations".* FROM "affirmations"[0m
  ↳ app/views/affirmations/index.html.erb:15
  Rendered shared/_footer.html.erb (0.3ms)
  Rendered affirmations/index.html.erb within layouts/application (9.5ms)
Completed 200 OK in 1150ms (Views: 1146.9ms | ActiveRecord: 0.4ms)


Started GET "/affirmations" for ::1 at 2020-07-30 16:34:00 -0400
Processing by AffirmationsController#index as HTML
  Rendering affirmations/index.html.erb within layouts/application
  Rendered shared/_navbar.html.erb (0.5ms)
  [1m[36mAffirmation Load (0.4ms)[0m  [1m[34mSELECT "affirmations".* FROM "affirmations"[0m
  ↳ app/views/affirmations/index.html.erb:15
  Rendered shared/_footer.html.erb (0.3ms)
  Rendered affirmations/index.html.erb within layouts/application (10.6ms)
Completed 200 OK in 98ms (Views: 95.1ms | ActiveRecord: 0.4ms)


Started GET "/affirmations" for ::1 at 2020-07-30 16:34:10 -0400
Processing by AffirmationsController#index as HTML
  Rendering affirmations/index.html.erb within layouts/application
  Rendered shared/_navbar.html.erb (0.7ms)
  [1m[36mAffirmation Load (0.4ms)[0m  [1m[34mSELECT "affirmations".* FROM "affirmations"[0m
  ↳ app/views/affirmations/index.html.erb:15
  Rendered shared/_footer.html.erb (0.4ms)
  Rendered affirmations/index.html.erb within layouts/application (10.6ms)
Completed 200 OK in 1140ms (Views: 1136.3ms | ActiveRecord: 0.4ms)


Started GET "/affirmations" for ::1 at 2020-07-30 16:34:14 -0400
Processing by AffirmationsController#index as HTML
  Rendering affirmations/index.html.erb within layouts/application
  Rendered shared/_navbar.html.erb (0.6ms)
  [1m[36mAffirmation Load (0.4ms)[0m  [1m[34mSELECT "affirmations".* FROM "affirmations"[0m
  ↳ app/views/affirmations/index.html.erb:15
  Rendered shared/_footer.html.erb (0.3ms)
  Rendered affirmations/index.html.erb within layouts/application (9.6ms)
Completed 200 OK in 97ms (Views: 93.1ms | ActiveRecord: 0.4ms)


Started GET "/affirmations" for ::1 at 2020-07-30 16:34:52 -0400
Processing by AffirmationsController#index as HTML
  Rendering affirmations/index.html.erb within layouts/application
  Rendered shared/_navbar.html.erb (0.7ms)
  [1m[36mAffirmation Load (0.3ms)[0m  [1m[34mSELECT "affirmations".* FROM "affirmations"[0m
  ↳ app/views/affirmations/index.html.erb:15
  Rendered shared/_footer.html.erb (0.4ms)
  Rendered affirmations/index.html.erb within layouts/application (9.7ms)
Completed 200 OK in 1142ms (Views: 1138.8ms | ActiveRecord: 0.3ms)


Started GET "/affirmations" for ::1 at 2020-07-30 16:35:08 -0400
Processing by AffirmationsController#index as HTML
  Rendering affirmations/index.html.erb within layouts/application
  Rendered shared/_navbar.html.erb (0.6ms)
  [1m[36mAffirmation Load (0.5ms)[0m  [1m[34mSELECT "affirmations".* FROM "affirmations"[0m
  ↳ app/views/affirmations/index.html.erb:15
  Rendered shared/_footer.html.erb (0.3ms)
  Rendered affirmations/index.html.erb within layouts/application (10.7ms)
Completed 200 OK in 1171ms (Views: 1167.8ms | ActiveRecord: 0.5ms)


Started GET "/affirmations" for ::1 at 2020-07-30 16:35:16 -0400
Processing by AffirmationsController#index as HTML
  Rendering affirmations/index.html.erb within layouts/application
  Rendered shared/_navbar.html.erb (0.6ms)
  [1m[36mAffirmation Load (0.4ms)[0m  [1m[34mSELECT "affirmations".* FROM "affirmations"[0m
  ↳ app/views/affirmations/index.html.erb:15
  Rendered shared/_footer.html.erb (0.3ms)
  Rendered affirmations/index.html.erb within layouts/application (9.4ms)
Completed 200 OK in 1208ms (Views: 1204.1ms | ActiveRecord: 0.4ms)


Started GET "/affirmations" for ::1 at 2020-07-30 17:02:16 -0400
  [1m[35m (1.6ms)[0m  [1m[34mSELECT "schema_migrations"."version" FROM "schema_migrations" ORDER BY "schema_migrations"."version" ASC[0m
  ↳ /Users/davidetkin/.rvm/rubies/ruby-2.5.3/lib/ruby/gems/2.5.0/gems/web-console-3.7.0/lib/web_console/middleware.rb:135
Processing by AffirmationsController#index as HTML
  Rendering affirmations/index.html.erb within layouts/application
  Rendered shared/_navbar.html.erb (0.9ms)
  [1m[36mAffirmation Load (0.7ms)[0m  [1m[34mSELECT "affirmations".* FROM "affirmations"[0m
  ↳ app/views/affirmations/index.html.erb:15
  Rendered shared/_footer.html.erb (0.2ms)
  Rendered affirmations/index.html.erb within layouts/application (23.7ms)
Completed 200 OK in 4834ms (Views: 4821.8ms | ActiveRecord: 3.7ms)


Started GET "/affirmations" for ::1 at 2020-07-30 17:05:17 -0400
Processing by AffirmationsController#index as HTML
  Rendering affirmations/index.html.erb within layouts/application
  Rendered shared/_navbar.html.erb (0.5ms)
  [1m[36mAffirmation Load (0.6ms)[0m  [1m[34mSELECT "affirmations".* FROM "affirmations"[0m
  ↳ app/views/affirmations/index.html.erb:15
  Rendered shared/_footer.html.erb (0.2ms)
  Rendered affirmations/index.html.erb within layouts/application (9.2ms)
Completed 200 OK in 89ms (Views: 85.0ms | ActiveRecord: 0.6ms)


Started GET "/" for ::1 at 2020-07-30 17:06:04 -0400
Processing by HomeController#index as HTML
  Rendering home/index.html.erb within layouts/application
  Rendered shared/_navbar.html.erb (0.6ms)
  Rendered shared/_footer.html.erb (0.4ms)
  Rendered home/index.html.erb within layouts/application (55.4ms)
Completed 200 OK in 113ms (Views: 110.0ms | ActiveRecord: 0.0ms)


Started GET "/" for ::1 at 2020-07-30 17:11:39 -0400
  [1m[35m (0.5ms)[0m  [1m[34mSELECT "schema_migrations"."version" FROM "schema_migrations" ORDER BY "schema_migrations"."version" ASC[0m
  ↳ /Users/davidetkin/.rvm/rubies/ruby-2.5.3/lib/ruby/gems/2.5.0/gems/web-console-3.7.0/lib/web_console/middleware.rb:135
Processing by HomeController#index as HTML
  Rendering home/index.html.erb within layouts/application
Started GET "/" for ::1 at 2020-07-30 17:11:42 -0400
Processing by HomeController#index as HTML
  Rendering home/index.html.erb within layouts/application
  Rendered shared/_navbar.html.erb (0.9ms)
  Rendered shared/_footer.html.erb (0.3ms)
  Rendered home/index.html.erb within layouts/application (2526.3ms)
Completed 200 OK in 2621ms (Views: 2618.0ms | ActiveRecord: 0.0ms)


  Rendered shared/_navbar.html.erb (1.2ms)
  Rendered shared/_footer.html.erb (0.3ms)
  Rendered home/index.html.erb within layouts/application (5813.7ms)
Completed 200 OK in 5890ms (Views: 5882.4ms | ActiveRecord: 0.0ms)


